app/build/intermediates/manifest_merge_blame_file/release/manifest-merger-blame-release-report.txt
1<?xml version="1.0" encoding="utf-8"?>
2<manifest xmlns:android="http://schemas.android.com/apk/res/android"
3    package="com.kevin.foodscan"
4    android:versionCode="1"
5    android:versionName="1.0" >
6
7    <uses-sdk
8        android:minSdkVersion="16"
8-->src\main\AndroidManifest.xml
9        android:targetSdkVersion="30" />
9-->src\main\AndroidManifest.xml
10
11    <uses-permission android:name="android.permission.CAMERA" />
11-->src\main\AndroidManifest.xml:5:5-65
11-->src\main\AndroidManifest.xml:5:22-62
12
13    <!-- Don't require camera, as this requires a rear camera. This allows it to work on the Nexus 7 -->
14    <uses-feature
14-->[com.journeyapps:zxing-android-embedded:3.0.1] AndroidManifest.xml:26:5-28:36
15        android:name="android.hardware.camera"
15-->[com.journeyapps:zxing-android-embedded:3.0.1] AndroidManifest.xml:27:9-47
16        android:required="false" />
16-->[com.journeyapps:zxing-android-embedded:3.0.1] AndroidManifest.xml:28:9-33
17    <uses-feature
17-->[com.journeyapps:zxing-android-embedded:3.0.1] AndroidManifest.xml:29:5-31:36
18        android:name="android.hardware.camera.front"
18-->[com.journeyapps:zxing-android-embedded:3.0.1] AndroidManifest.xml:30:9-53
19        android:required="false" /> <!-- TODO replace above two with next line after Android 4.2 -->
19-->[com.journeyapps:zxing-android-embedded:3.0.1] AndroidManifest.xml:31:9-33
20    <!-- <uses-feature android:name="android.hardware.camera.any"/> -->
21    <uses-feature
21-->[com.journeyapps:zxing-android-embedded:3.0.1] AndroidManifest.xml:34:5-36:36
22        android:name="android.hardware.camera.autofocus"
22-->[com.journeyapps:zxing-android-embedded:3.0.1] AndroidManifest.xml:35:9-57
23        android:required="false" />
23-->[com.journeyapps:zxing-android-embedded:3.0.1] AndroidManifest.xml:36:9-33
24    <uses-feature
24-->[com.journeyapps:zxing-android-embedded:3.0.1] AndroidManifest.xml:37:5-39:36
25        android:name="android.hardware.camera.flash"
25-->[com.journeyapps:zxing-android-embedded:3.0.1] AndroidManifest.xml:38:9-53
26        android:required="false" />
26-->[com.journeyapps:zxing-android-embedded:3.0.1] AndroidManifest.xml:39:9-33
27    <uses-feature
27-->[com.journeyapps:zxing-android-embedded:3.0.1] AndroidManifest.xml:40:5-42:36
28        android:name="android.hardware.screen.landscape"
28-->[com.journeyapps:zxing-android-embedded:3.0.1] AndroidManifest.xml:41:9-57
29        android:required="false" />
29-->[com.journeyapps:zxing-android-embedded:3.0.1] AndroidManifest.xml:42:9-33
30    <uses-feature
30-->[com.journeyapps:zxing-android-embedded:3.0.1] AndroidManifest.xml:43:5-45:36
31        android:name="android.hardware.wifi"
31-->[com.journeyapps:zxing-android-embedded:3.0.1] AndroidManifest.xml:44:9-45
32        android:required="false" />
32-->[com.journeyapps:zxing-android-embedded:3.0.1] AndroidManifest.xml:45:9-33
33
34    <application
34-->src\main\AndroidManifest.xml:7:5-24:19
35        android:allowBackup="true"
35-->src\main\AndroidManifest.xml:8:9-35
36        android:appComponentFactory="androidx.core.app.CoreComponentFactory"
36-->[androidx.core:core:1.3.2] AndroidManifest.xml:24:18-86
37        android:icon="@mipmap/ic_launcher"
37-->src\main\AndroidManifest.xml:9:9-43
38        android:label="@string/app_name"
38-->src\main\AndroidManifest.xml:10:9-41
39        android:roundIcon="@mipmap/ic_launcher_round"
39-->src\main\AndroidManifest.xml:11:9-54
40        android:supportsRtl="true"
40-->src\main\AndroidManifest.xml:12:9-35
41        android:theme="@style/Theme.FoodScan" >
41-->src\main\AndroidManifest.xml:13:9-46
42        <activity android:name="com.kevin.foodscan.history.HistoryActivity" >
42-->src\main\AndroidManifest.xml:14:9-15:20
42-->src\main\AndroidManifest.xml:14:19-58
43        </activity>
44        <activity android:name="com.kevin.foodscan.ficheproduit.FicheProduitActivity" >
44-->src\main\AndroidManifest.xml:16:9-17:20
44-->src\main\AndroidManifest.xml:16:19-68
45        </activity>
46        <activity android:name="com.kevin.foodscan.MainActivity" >
46-->src\main\AndroidManifest.xml:18:9-23:20
46-->src\main\AndroidManifest.xml:18:19-47
47            <intent-filter>
47-->src\main\AndroidManifest.xml:19:13-22:29
48                <action android:name="android.intent.action.MAIN" />
48-->src\main\AndroidManifest.xml:20:17-69
48-->src\main\AndroidManifest.xml:20:25-66
49
50                <category android:name="android.intent.category.LAUNCHER" />
50-->src\main\AndroidManifest.xml:21:17-77
50-->src\main\AndroidManifest.xml:21:27-74
51            </intent-filter>
52        </activity>
53        <activity
53-->[pub.devrel:easypermissions:3.0.0] AndroidManifest.xml:12:9-16:66
54            android:name="pub.devrel.easypermissions.AppSettingsDialogHolderActivity"
54-->[pub.devrel:easypermissions:3.0.0] AndroidManifest.xml:13:13-86
55            android:exported="false"
55-->[pub.devrel:easypermissions:3.0.0] AndroidManifest.xml:14:13-37
56            android:label=""
56-->[pub.devrel:easypermissions:3.0.0] AndroidManifest.xml:15:13-29
57            android:theme="@style/EasyPermissions.Transparent" />
57-->[pub.devrel:easypermissions:3.0.0] AndroidManifest.xml:16:13-63
58        <activity
58-->[com.journeyapps:zxing-android-embedded:3.0.1] AndroidManifest.xml:48:9-54:63
59            android:name="com.journeyapps.barcodescanner.CaptureActivity"
59-->[com.journeyapps:zxing-android-embedded:3.0.1] AndroidManifest.xml:49:13-74
60            android:clearTaskOnLaunch="true"
60-->[com.journeyapps:zxing-android-embedded:3.0.1] AndroidManifest.xml:50:13-45
61            android:screenOrientation="sensorLandscape"
61-->[com.journeyapps:zxing-android-embedded:3.0.1] AndroidManifest.xml:51:13-56
62            android:stateNotNeeded="true"
62-->[com.journeyapps:zxing-android-embedded:3.0.1] AndroidManifest.xml:52:13-42
63            android:theme="@style/zxing_CaptureTheme"
63-->[com.journeyapps:zxing-android-embedded:3.0.1] AndroidManifest.xml:53:13-54
64            android:windowSoftInputMode="stateAlwaysHidden" />
64-->[com.journeyapps:zxing-android-embedded:3.0.1] AndroidManifest.xml:54:13-60
65    </application>
66
67</manifest>